<?xml version="1.0" encoding="UTF-8"?>
<!-- Generated by org.testng.reporters.JUnitXMLReporter -->
<testsuite hostname="LAPTOP-CNPB3TNK" failures="0" tests="3" name="test-1" time="34.64" errors="0" timestamp="22 Aug 2025 10:41:51 GMT">
  <testcase classname="com.webOrders.test.WebOrders_Login" name="loginTest" time="9.117"/>
  <testcase classname="com.webOrders.test.WebOrders_Login" name="urlTest" time="7.449"/>
  <testcase classname="com.webOrders.test.WebOrders_Login" name="verifyText" time="7.598"/>
</testsuite> <!-- test-1 -->
