<?xml version="1.0" encoding="UTF-8"?>
<!-- Generated by org.testng.reporters.JUnitXMLReporter -->
<testsuite hostname="LAPTOP-CNPB3TNK" failures="0" tests="3" name="test-1" time="31.09" errors="0" timestamp="7 Mar 2025 09:45:41 GMT">
  <testcase classname="com.webOrders.test.WebOrders_Login" name="loginTest" time="8.997"/>
  <testcase classname="com.webOrders.test.WebOrders_Login" name="urlTest" time="8.216"/>
  <testcase classname="com.webOrders.test.WebOrders_Login" name="verifyText" time="8.55"/>
</testsuite> <!-- test-1 -->
