<?xml version="1.0" encoding="UTF-8"?>
<!-- Generated by org.testng.reporters.JUnitXMLReporter -->
<testsuite ignored="0" hostname="LAPTOP-CNPB3TNK" failures="0" tests="3" name="test-1" time="35.803" errors="0" timestamp="2025-03-03T07:59:49 IST">
  <testcase classname="com.webOrders.test.WebOrders_Login" name="loginTest" time="12.03"/>
  <testcase classname="com.webOrders.test.WebOrders_Login" name="urlTest" time="8.33"/>
  <testcase classname="com.webOrders.test.WebOrders_Login" name="verifyText" time="8.718"/>
</testsuite> <!-- test-1 -->
