<?xml version="1.0" encoding="UTF-8"?>
<!-- Generated by org.testng.reporters.JUnitXMLReporter -->
<testsuite ignored="0" hostname="LAPTOP-CNPB3TNK" failures="0" tests="3" name="test-1" time="35.259" errors="0" timestamp="2024-09-27T12:20:03 IST">
  <testcase classname="com.webOrders.test.WebOrders_Login" name="loginTest" time="9.242"/>
  <testcase classname="com.webOrders.test.WebOrders_Login" name="urlTest" time="8.196"/>
  <testcase classname="com.webOrders.test.WebOrders_Login" name="verifyText" time="12.081"/>
</testsuite> <!-- test-1 -->
