<?xml version="1.0" encoding="UTF-8"?>
<!-- Generated by org.testng.reporters.JUnitReportReporter -->
<testsuite hostname="LAPTOP-CNPB3TNK" failures="0" tests="3" name="com.webOrders.test.WebOrders_Login" time="25.943" errors="0" timestamp="2024-10-03T09:15:18 IST" skipped="0">
  <testcase classname="com.webOrders.test.WebOrders_Login" name="loginTest" time="9.048"/>
  <system-out/>
  <testcase classname="com.webOrders.test.WebOrders_Login" name="urlTest" time="8.212"/>
  <system-out/>
  <testcase classname="com.webOrders.test.WebOrders_Login" name="verifyText" time="8.683"/>
  <system-out/>
</testsuite> <!-- com.webOrders.test.WebOrders_Login -->
