<?xml version="1.0" encoding="UTF-8"?>
<!-- Generated by org.testng.reporters.JUnitReportReporter -->
<testsuite hostname="LAPTOP-CNPB3TNK" failures="0" tests="17" name="com.webOrders.test.WebOrder_ViewAllOrders_Test" time="22.173" errors="0" timestamp="2025-03-07T15:10:54 IST" skipped="0">
  <testcase classname="com.webOrders.test.WebOrder_ViewAllOrders_Test" name="verifyCheckAll" time="2.737"/>
  <system-out/>
  <testcase classname="com.webOrders.test.WebOrder_ViewAllOrders_Test" name="verifyUnCheckAll" time="0.476"/>
  <system-out/>
  <testcase classname="com.webOrders.test.WebOrder_ViewAllOrders_Test" name="verifyDeleteOrder" time="0.717"/>
  <system-out/>
  <testcase classname="com.webOrders.test.WebOrder_ViewAllOrders_Test" name="verifyEditOrder" time="2.149"/>
  <system-out/>
  <testcase classname="com.webOrders.test.WebOrder_ViewAllOrders_Test" name="verifyEditOrder" time="2.426"/>
  <system-out/>
  <testcase classname="com.webOrders.test.WebOrder_ViewAllOrders_Test" name="verifyError" time="1.207"/>
  <system-out/>
  <testcase classname="com.webOrders.test.WebOrder_ViewAllOrders_Test" name="verifyError" time="1.109"/>
  <system-out/>
  <testcase classname="com.webOrders.test.WebOrder_ViewAllOrders_Test" name="verifyError" time="1.076"/>
  <system-out/>
  <testcase classname="com.webOrders.test.WebOrder_ViewAllOrders_Test" name="verifyError" time="1.215"/>
  <system-out/>
  <testcase classname="com.webOrders.test.WebOrder_ViewAllOrders_Test" name="verifyError" time="1.016"/>
  <system-out/>
  <testcase classname="com.webOrders.test.WebOrder_ViewAllOrders_Test" name="verifyError" time="1.190"/>
  <system-out/>
  <testcase classname="com.webOrders.test.WebOrder_ViewAllOrders_Test" name="verifyError" time="1.048"/>
  <system-out/>
  <testcase classname="com.webOrders.test.WebOrder_ViewAllOrders_Test" name="verifyError" time="1.165"/>
  <system-out/>
  <testcase classname="com.webOrders.test.WebOrder_ViewAllOrders_Test" name="verifyError" time="1.239"/>
  <system-out/>
  <testcase classname="com.webOrders.test.WebOrder_ViewAllOrders_Test" name="verifyError" time="1.024"/>
  <system-out/>
  <testcase classname="com.webOrders.test.WebOrder_ViewAllOrders_Test" name="verifyError" time="1.142"/>
  <system-out/>
  <testcase classname="com.webOrders.test.WebOrder_ViewAllOrders_Test" name="verifyError" time="1.237"/>
  <system-out/>
</testsuite> <!-- com.webOrders.test.WebOrder_ViewAllOrders_Test -->
