<?xml version="1.0" encoding="UTF-8"?>
<!-- Generated by org.testng.reporters.JUnitReportReporter -->
<testsuite hostname="LAPTOP-CNPB3TNK" failures="0" tests="15" name="com.webOrders.test.WebOrder_Order_Test" time="98.355" errors="0" timestamp="2024-10-03T09:15:18 IST" skipped="1">
  <testcase classname="com.webOrders.test.WebOrder_Order_Test" name="createAndVerifyOrder" time="5.628"/>
  <system-out/>
  <testcase classname="com.webOrders.test.WebOrder_Order_Test" name="createAndVerifyOrder" time="5.536"/>
  <system-out/>
  <testcase classname="com.webOrders.test.WebOrder_Order_Test" name="createAndVerifyOrder" time="18.716"/>
  <system-out/>
  <testcase classname="com.webOrders.test.WebOrder_Order_Test" name="createAndVerifyOrder" time="7.363"/>
  <system-out/>
  <testcase classname="com.webOrders.test.WebOrder_Order_Test" name="createAndVerifyOrder" time="5.519"/>
  <system-out/>
  <testcase classname="com.webOrders.test.WebOrder_Order_Test" name="createAndVerifyOrder" time="5.673"/>
  <system-out/>
  <testcase classname="com.webOrders.test.WebOrder_Order_Test" name="createAndVerifyOrder" time="5.387"/>
  <system-out/>
  <testcase classname="com.webOrders.test.WebOrder_Order_Test" name="createAndVerifyOrder" time="5.499"/>
  <system-out/>
  <testcase classname="com.webOrders.test.WebOrder_Order_Test" name="createAndVerifyOrder" time="5.647"/>
  <system-out/>
  <testcase classname="com.webOrders.test.WebOrder_Order_Test" name="createAndVerifyOrder" time="6.101"/>
  <system-out/>
  <testcase classname="com.webOrders.test.WebOrder_Order_Test" name="createAndVerifyOrder" time="5.679"/>
  <system-out/>
  <testcase classname="com.webOrders.test.WebOrder_Order_Test" name="createAndVerifyOrder" time="9.617"/>
  <system-out/>
  <testcase classname="com.webOrders.test.WebOrder_Order_Test" name="createAndVerifyOrder" time="5.575"/>
  <system-out/>
  <testcase classname="com.webOrders.test.WebOrder_Order_Test" name="createAndVerifyOrder" time="6.415"/>
  <system-out/>
  <testcase classname="com.webOrders.test.WebOrder_Order_Test" name="verifyCheckAll">
    <skipped/>
  </testcase> <!-- verifyCheckAll -->
  <system-out/>
</testsuite> <!-- com.webOrders.test.WebOrder_Order_Test -->
