<?xml version="1.0" encoding="UTF-8"?>
<!-- Generated by org.testng.reporters.JUnitReportReporter -->
<testsuite hostname="LAPTOP-CNPB3TNK" failures="0" tests="3" name="com.webOrders.test.WebOrders_Login" time="25.853" errors="0" timestamp="2025-03-07T15:10:54 IST" skipped="0">
  <testcase classname="com.webOrders.test.WebOrders_Login" name="loginTest" time="9.093"/>
  <system-out/>
  <testcase classname="com.webOrders.test.WebOrders_Login" name="urlTest" time="8.542"/>
  <system-out/>
  <testcase classname="com.webOrders.test.WebOrders_Login" name="verifyText" time="8.218"/>
  <system-out/>
</testsuite> <!-- com.webOrders.test.WebOrders_Login -->
