<?xml version="1.0" encoding="UTF-8"?>
<!-- Generated by org.testng.reporters.JUnitReportReporter -->
<testsuite hostname="LAPTOP-CNPB3TNK" failures="0" tests="3" name="com.webOrders.test.WebOrders_Login" time="24.173" errors="0" timestamp="22 Aug 2025 10:41:51 GMT">
  <testcase classname="com.webOrders.test.WebOrders_Login" name="loginTest" time="9.117"/>
  <testcase classname="com.webOrders.test.WebOrders_Login" name="urlTest" time="7.458"/>
  <testcase classname="com.webOrders.test.WebOrders_Login" name="verifyText" time="7.598"/>
</testsuite> <!-- com.webOrders.test.WebOrders_Login -->
