<?xml version="1.0" encoding="UTF-8"?>
<!-- Generated by org.testng.reporters.JUnitReportReporter -->
<testsuite hostname="LAPTOP-CNPB3TNK" failures="0" tests="3" name="com.webOrders.test.WebOrders_Login" time="25.773" errors="0" timestamp="7 Mar 2025 09:45:41 GMT">
  <testcase classname="com.webOrders.test.WebOrders_Login" name="verifyText" time="8.560"/>
  <testcase classname="com.webOrders.test.WebOrders_Login" name="loginTest" time="8.997"/>
  <testcase classname="com.webOrders.test.WebOrders_Login" name="urlTest" time="8.216"/>
</testsuite> <!-- com.webOrders.test.WebOrders_Login -->
